<?xml version="1.0" encoding="UTF-8"?>
<!-- Generated by org.testng.reporters.JUnitXMLReporter -->
<testsuite ignored="0" hostname="DESKTOP-ULCDI8E" failures="0" tests="3" name="Default test" time="6.692" errors="0" timestamp="2025-03-19T22:19:50 IST">
  <testcase classname="standard_user.Login" name="valideUser" time="1.156"/>
  <testcase classname="standard_user.Login" name="usernameToUppercase" time="1.004"/>
  <testcase classname="standard_user.Login" name="lockedOutUser" time="0.724"/>
</testsuite> <!-- Default test -->
